<?xml version="1.0" encoding="UTF-8"?>
<testsuite name="edu.union.bikeride.manager.tests.RouteManagerTests" tests="5" skipped="0" failures="0" errors="0" timestamp="2019-02-26T02:19:59" hostname="Yus-MacBook-Pro.local" time="0.014">
  <properties/>
  <testcase name="getAllRouteSegments" classname="edu.union.bikeride.manager.tests.RouteManagerTests" time="0.009"/>
  <testcase name="selectSegment" classname="edu.union.bikeride.manager.tests.RouteManagerTests" time="0.001"/>
  <testcase name="construct" classname="edu.union.bikeride.manager.tests.RouteManagerTests" time="0.001"/>
  <testcase name="addRouteSegment" classname="edu.union.bikeride.manager.tests.RouteManagerTests" time="0.001"/>
  <testcase name="removeRouteSegment" classname="edu.union.bikeride.manager.tests.RouteManagerTests" time="0.002"/>
  <system-out><![CDATA[edu.union.bikeride.manager.RouteSegment@5153b9dd
false
false
edu.union.bikeride.manager.RouteSegment@533fce0f
false
false
edu.union.bikeride.manager.RouteSegment@66228eef
false
false
edu.union.bikeride.manager.RouteSegment@148b0605
false
false
edu.union.bikeride.manager.RouteSegment@67d8cb62
false
false
edu.union.bikeride.manager.RouteSegment@67d8cb62
false
false
edu.union.bikeride.manager.RouteSegment@4aba3e20
false
false
]]></system-out>
  <system-err><![CDATA[]]></system-err>
</testsuite>
