<?xml version="1.0" encoding="UTF-8"?>
<testsuite name="edu.union.bikeride.manager.tests.RouteTests" tests="7" skipped="0" failures="0" errors="0" timestamp="2019-02-26T02:19:59" hostname="Yus-MacBook-Pro.local" time="0.003">
  <properties/>
  <testcase name="getStartPoint" classname="edu.union.bikeride.manager.tests.RouteTests" time="0.0"/>
  <testcase name="getRouteSegments" classname="edu.union.bikeride.manager.tests.RouteTests" time="0.0"/>
  <testcase name="getEndPoint" classname="edu.union.bikeride.manager.tests.RouteTests" time="0.0"/>
  <testcase name="construct" classname="edu.union.bikeride.manager.tests.RouteTests" time="0.0"/>
  <testcase name="hasPoint" classname="edu.union.bikeride.manager.tests.RouteTests" time="0.0"/>
  <testcase name="addRouteSegment" classname="edu.union.bikeride.manager.tests.RouteTests" time="0.001"/>
  <testcase name="removeRouteSegment" classname="edu.union.bikeride.manager.tests.RouteTests" time="0.0"/>
  <system-out><![CDATA[]]></system-out>
  <system-err><![CDATA[]]></system-err>
</testsuite>
